16:10:55 **** Incremental Build of configuration Debug for project UART_temp ****
make -j16 all 
arm-none-eabi-gcc "../Core/Src/main.c" -mcpu=cortex-m7 -std=gnu11 -g3 -DDEBUG -DUSE_HAL_DRIVER -DSTM32F767xx -c -I../Core/Inc -I../Drivers/STM32F7xx_HAL_Driver/Inc -I../Drivers/STM32F7xx_HAL_Driver/Inc/Legacy -I../Drivers/CMSIS/Device/ST/STM32F7xx/Include -I../Drivers/CMSIS/Include -O0 -ffunction-sections -fdata-sections -Wall -fstack-usage -fcyclomatic-complexity -MMD -MP -MF"Core/Src/main.d" -MT"Core/Src/main.o" --specs=nano.specs -mfpu=fpv5-d16 -mfloat-abi=hard -mthumb -o "Core/Src/main.o"
arm-none-eabi-gcc -o "UART_temp.elf" @"objects.list"   -mcpu=cortex-m7 -T"D:\Stash\internship@centum\stmMX\UART_temp\STM32F767ZITX_FLASH.ld" --specs=nosys.specs -Wl,-Map="UART_temp.map" -Wl,--gc-sections -static --specs=nano.specs -mfpu=fpv5-d16 -mfloat-abi=hard -mthumb -Wl,--start-group -lc -lm -Wl,--end-group
D:/System Softwares/STM32CubeIDE_1.18.1/STM32CubeIDE/plugins/com.st.stm32cube.ide.mcu.externaltools.gnu-tools-for-stm32.13.3.rel1.win32_1.0.0.202411081344/tools/bin/../lib/gcc/arm-none-eabi/13.3.1/../../../../arm-none-eabi/bin/ld.exe: ./Core/Src/main.o:D:/Stash/internship@centum/stmMX/UART_temp/Debug/../Core/Src/main.c:61: multiple definition of `hadc1'; ./Core/Src/adc.o:D:/Stash/internship@centum/stmMX/UART_temp/Debug/../Core/Src/adc.c:27: first defined here
D:/System Softwares/STM32CubeIDE_1.18.1/STM32CubeIDE/plugins/com.st.stm32cube.ide.mcu.externaltools.gnu-tools-for-stm32.13.3.rel1.win32_1.0.0.202411081344/tools/bin/../lib/gcc/arm-none-eabi/13.3.1/../../../../arm-none-eabi/bin/ld.exe: ./Core/Src/usart.o:D:/Stash/internship@centum/stmMX/UART_temp/Debug/../Core/Src/usart.c:27: multiple definition of `huart2'; ./Core/Src/main.o:D:/Stash/internship@centum/stmMX/UART_temp/Debug/../Core/Src/main.c:62: first defined here
collect2.exe: error: ld returned 1 exit status
make: *** [makefile:64: UART_temp.elf] Error 1
"make -j16 all" terminated with exit code 2. Build might be incomplete.

16:10:56 Build Failed. 3 errors, 0 warnings. (took 770ms)

